Arguments: 
  /usr/local/bin/node /usr/local/Cellar/yarn/1.16.0/libexec/bin/yarn.js add remark remark-breaks remarkReact

PATH: 
  /usr/local/bin:/usr/bin:/bin:/usr/sbin:/sbin

Yarn version: 
  1.16.0

Node version: 
  11.15.0

Platform: 
  darwin x64

Trace: 
  Error: https://registry.yarnpkg.com/remarkReact: Not found
      at Request.params.callback [as _callback] (/usr/local/Cellar/yarn/1.16.0/libexec/lib/cli.js:66091:18)
      at Request.self.callback (/usr/local/Cellar/yarn/1.16.0/libexec/lib/cli.js:129590:22)
      at Request.emit (events.js:193:13)
      at Request.<anonymous> (/usr/local/Cellar/yarn/1.16.0/libexec/lib/cli.js:130562:10)
      at Request.emit (events.js:193:13)
      at IncomingMessage.<anonymous> (/usr/local/Cellar/yarn/1.16.0/libexec/lib/cli.js:130484:12)
      at Object.onceWrapper (events.js:281:20)
      at IncomingMessage.emit (events.js:198:15)
      at endReadableNT (_stream_readable.js:1139:12)
      at processTicksAndRejections (internal/process/task_queues.js:81:17)

npm manifest: 
  {
    "name": "markdown-react-renderer",
    "version": "1.0.0",
    "description": "",
    "main": "dist/index.js",
    "modern": "dist/index.m.js",
    "source": "src/index.js",
    "scripts": {
      "build": "microbundle -o dist/index.js --compress true",
      "watch": "microbundle watch -o dist/index.js --compress false",
      "format": "prettier --write 'src/**/*.js' 'rollup.config.js' 'README.md'",
      "prebuild": "rimraf dist",
      "prepublish": "yarn build",
      "release": "standard-version"
    },
    "homepage": "https://github.com/asyarb/markdown-react-renderer",
    "repository": {
      "type": "git",
      "url": "https://github.com/asyarb/markdown-react-renderer.git"
    },
    "keywords": [
      "react",
      "markdown",
      "renderer",
      "web"
    ],
    "author": "Anthony Yarbrough",
    "license": "MIT",
    "devDependencies": {
      "@babel/core": "^7.4.5",
      "@babel/preset-env": "^7.4.5",
      "@commitlint/cli": "^8.0.0",
      "@commitlint/config-conventional": "^8.0.0",
      "babel-eslint": "^10.0.1",
      "eslint": "^5.16.0",
      "eslint-plugin-react": "^7.13.0",
      "eslint-plugin-react-hooks": "^1.6.0",
      "husky": "^2.4.0",
      "prettier": "^1.18.2",
      "rimraf": "^2.6.3",
      "standard-version": "^6.0.1"
    },
    "peerDependencies": {
      "react": ">=16.8"
    },
    "husky": {
      "hooks": {
        "commit-msg": "commitlint -E HUSKY_GIT_PARAMS"
      }
    },
    "commitlint": {
      "extends": [
        "@commitlint/config-conventional"
      ]
    }
  }

yarn manifest: 
  No manifest

Lockfile: 
  No lockfile
